c:\users\tess\documents\github\caveexplorer\caveexplorer\debug\vc120.pdb
c:\users\tess\documents\github\caveexplorer\caveexplorer\debug\vc120.idb
c:\users\tess\documents\github\caveexplorer\caveexplorer\debug\actor.obj
c:\users\tess\documents\github\caveexplorer\caveexplorer\debug\cave.obj
c:\users\tess\documents\github\caveexplorer\caveexplorer\debug\cavetile.obj
c:\users\tess\documents\github\caveexplorer\caveexplorer\debug\collisionmanager.obj
c:\users\tess\documents\github\caveexplorer\caveexplorer\debug\game.obj
c:\users\tess\documents\github\caveexplorer\caveexplorer\debug\gamestate.obj
c:\users\tess\documents\github\caveexplorer\caveexplorer\debug\graphicsmanager.obj
c:\users\tess\documents\github\caveexplorer\caveexplorer\debug\inputmanager.obj
c:\users\tess\documents\github\caveexplorer\caveexplorer\debug\item.obj
c:\users\tess\documents\github\caveexplorer\caveexplorer\debug\level.obj
c:\users\tess\documents\github\caveexplorer\caveexplorer\debug\main.obj
c:\users\tess\documents\github\caveexplorer\caveexplorer\debug\menu.obj
c:\users\tess\documents\github\caveexplorer\caveexplorer\debug\player.obj
c:\users\tess\documents\github\caveexplorer\caveexplorer\debug\texturemanager.obj
c:\users\tess\documents\github\caveexplorer\caveexplorer\debug\uibutton.obj
c:\users\tess\documents\github\caveexplorer\caveexplorer\debug\usable.obj
c:\users\tess\documents\github\caveexplorer\debug\caveexplorer.ilk
c:\users\tess\documents\github\caveexplorer\debug\caveexplorer.exe
c:\users\tess\documents\github\caveexplorer\debug\caveexplorer.pdb
c:\users\tess\documents\github\caveexplorer\caveexplorer\debug\caveexplorer.tlog\cl.command.1.tlog
c:\users\tess\documents\github\caveexplorer\caveexplorer\debug\caveexplorer.tlog\cl.read.1.tlog
c:\users\tess\documents\github\caveexplorer\caveexplorer\debug\caveexplorer.tlog\cl.write.1.tlog
c:\users\tess\documents\github\caveexplorer\caveexplorer\debug\caveexplorer.tlog\link.command.1.tlog
c:\users\tess\documents\github\caveexplorer\caveexplorer\debug\caveexplorer.tlog\link.read.1.tlog
c:\users\tess\documents\github\caveexplorer\caveexplorer\debug\caveexplorer.tlog\link.write.1.tlog
