Build started 2016-05-21 21:59:45.
     1>Project "C:\Users\Tess\Documents\GitHub\CaveExplorer\CaveExplorer\CaveExplorer.vcxproj" on node 2 (Build target(s)).
     1>ClCompile:
         C:\Program Files (x86)\Microsoft Visual Studio 12.0\VC\bin\CL.exe /c /I"C:\Users\Tess\Documents\GitHub\CaveExplorer\\SFML-2.1\include" /ZI /nologo /W3 /WX- /sdl /Od /Oy- /D _MBCS /Gm /EHsc /RTC1 /MDd /GS /fp:precise /Zc:wchar_t /Zc:forScope /Fo"Debug\\" /Fd"Debug\vc120.pdb" /Gd /TP /analyze- /errorReport:prompt AnimatedActor.cpp
         AnimatedActor.cpp
     1>c:\users\tess\documents\github\caveexplorer\caveexplorer\animatedactor.cpp(7): warning C4244: '=' : conversion from 'float' to 'int', possible loss of data
     1>c:\users\tess\documents\github\caveexplorer\caveexplorer\animatedactor.cpp(8): warning C4244: '=' : conversion from 'float' to 'int', possible loss of data
     1>c:\users\tess\documents\github\caveexplorer\caveexplorer\animatedactor.cpp(10): warning C4244: 'argument' : conversion from 'int' to 'float', possible loss of data
     1>c:\users\tess\documents\github\caveexplorer\caveexplorer\animatedactor.cpp(13): warning C4244: '=' : conversion from 'float' to 'int', possible loss of data
     1>c:\users\tess\documents\github\caveexplorer\caveexplorer\animatedactor.cpp(14): warning C4305: '=' : truncation from 'double' to 'float'
       Link:
         C:\Program Files (x86)\Microsoft Visual Studio 12.0\VC\bin\link.exe /ERRORREPORT:PROMPT /OUT:"C:\Users\Tess\Documents\GitHub\CaveExplorer\Debug\CaveExplorer.exe" /INCREMENTAL /NOLOGO /LIBPATH:"C:\Users\Tess\Documents\GitHub\CaveExplorer\\SFML-2.1\lib" "sfml-graphics-d.lib" "sfml-window-d.lib" "sfml-system-d.lib" "sfml-audio-d.lib" kernel32.lib user32.lib gdi32.lib winspool.lib comdlg32.lib advapi32.lib shell32.lib ole32.lib oleaut32.lib uuid.lib odbc32.lib odbccp32.lib /MANIFEST /MANIFESTUAC:"level='asInvoker' uiAccess='false'" /manifest:embed /DEBUG /PDB:"C:\Users\Tess\Documents\GitHub\CaveExplorer\Debug\CaveExplorer.pdb" /TLBID:1 /DYNAMICBASE /NXCOMPAT /IMPLIB:"C:\Users\Tess\Documents\GitHub\CaveExplorer\Debug\CaveExplorer.lib" /MACHINE:X86 Debug\Actor.obj
         Debug\ActorAgent.obj
         Debug\AnimatedActor.obj
         Debug\Cave.obj
         Debug\CaveTile.obj
         Debug\CollisionManager.obj
         Debug\Game.obj
         Debug\GameState.obj
         Debug\GraphicsManager.obj
         Debug\InputManager.obj
         Debug\Item.obj
         Debug\Level.obj
         Debug\Main.obj
         Debug\Menu.obj
         Debug\PatrolState.obj
         Debug\Player.obj
         Debug\Rat.obj
         Debug\Stairs.obj
         Debug\State.obj
         Debug\TextureManager.obj
         Debug\UIButton.obj
         Debug\Usable.obj
         CaveExplorer.vcxproj -> C:\Users\Tess\Documents\GitHub\CaveExplorer\Debug\CaveExplorer.exe
     1>Done Building Project "C:\Users\Tess\Documents\GitHub\CaveExplorer\CaveExplorer\CaveExplorer.vcxproj" (Build target(s)).

Build succeeded.

Time Elapsed 00:00:00.90
